<?xml version="1.0" encoding="UTF-8"?>
<!-- Generated by org.testng.reporters.JUnitXMLReporter -->
<testsuite ignored="0" hostname="DESKTOP-5EGDKLG" failures="2" tests="2" name="coverFoxTestNG" time="28.68" errors="0" timestamp="2024-08-10T13:46:29 IST">
  <testcase classname="coverFoxTest.CoverFoxTC1" name="validateBanners" time="4.035">
    <failure type="java.lang.AssertionError" message="null">
      <![CDATA[java.lang.AssertionError: null
at coverFoxTest.CoverFoxTC1.validateBanners(CoverFoxTC1.java:59)
at java.base/java.util.ArrayList.forEach(ArrayList.java:1597)
... Removed 27 stack frames]]>
    </failure>
  </testcase> <!-- validateBanners -->
  <testcase classname="coverFoxTest.CoverFoxTC1" name="validateIsdisplyedSortPlan" time="4.009">
    <failure type="java.lang.AssertionError" message="null">
      <![CDATA[java.lang.AssertionError: null
at coverFoxTest.CoverFoxTC1.validateIsdisplyedSortPlan(CoverFoxTC1.java:70)
at java.base/java.util.ArrayList.forEach(ArrayList.java:1597)
... Removed 27 stack frames]]>
    </failure>
  </testcase> <!-- validateIsdisplyedSortPlan -->
</testsuite> <!-- coverFoxTestNG -->
